<?xml version="1.0" encoding="UTF-8"?>
<!DOCTYPE html PUBLIC "-//W3C//DTD XHTML 1.0 Strict//EN" "http://www.w3.org/TR/xhtml1/DTD/xhtml1-strict.dtd">
<html xmlns="http://www.w3.org/1999/xhtml">
<head>
    <title>TPSHOP商城自动化测试报告</title>
    <meta name="generator" content="HTMLTestRunner 0.8.2"/>
    <meta http-equiv="Content-Type" content="text/html; charset=UTF-8"/>
    
<style type="text/css" media="screen">
body        { font-family: verdana, arial, helvetica, sans-serif; font-size: 80%; }
table       { font-size: 100%; }
pre         { }

/* -- heading ---------------------------------------------------------------------- */
h1 {
	font-size: 16pt;
	color: gray;
}
.heading {
    margin-top: 0ex;
    margin-bottom: 1ex;
}

.heading .attribute {
    margin-top: 1ex;
    margin-bottom: 0;
}

.heading .description {
    margin-top: 4ex;
    margin-bottom: 6ex;
}

/* -- css div popup ------------------------------------------------------------------------ */
a.popup_link {
}

a.popup_link:hover {
    color: red;
}

.popup_window {
    display: none;
    position: relative;
    left: 0px;
    top: 0px;
    /*border: solid #627173 1px; */
    padding: 10px;
    background-color: #E6E6D6;
    font-family: "Lucida Console", "Courier New", Courier, monospace;
    text-align: left;
    font-size: 8pt;
    width: 500px;
}

}
/* -- report ------------------------------------------------------------------------ */
#show_detail_line {
    margin-top: 3ex;
    margin-bottom: 1ex;
}
#result_table {
    width: 80%;
    border-collapse: collapse;
    border: 1px solid #777;
}
#header_row {
    font-weight: bold;
    color: white;
    background-color: #777;
}
#result_table td {
    border: 1px solid #777;
    padding: 2px;
}
#total_row  { font-weight: bold; }
.passClass  { background-color: #6c6; }
.failClass  { background-color: #c60; }
.errorClass { background-color: #c00; }
.passCase   { color: #6c6; }
.failCase   { color: #c60; font-weight: bold; }
.errorCase  { color: #c00; font-weight: bold; }
.hiddenRow  { display: none; }
.testcase   { margin-left: 2em; }


/* -- ending ---------------------------------------------------------------------- */
#ending {
}

</style>

</head>
<body>
<script language="javascript" type="text/javascript"><!--
output_list = Array();

/* level - 0:Summary; 1:Failed; 2:All */
function showCase(level) {
    trs = document.getElementsByTagName("tr");
    for (var i = 0; i < trs.length; i++) {
        tr = trs[i];
        id = tr.id;
        if (id.substr(0,2) == 'ft') {
            if (level < 1) {
                tr.className = 'hiddenRow';
            }
            else {
                tr.className = '';
            }
        }
        if (id.substr(0,2) == 'pt') {
            if (level > 1) {
                tr.className = '';
            }
            else {
                tr.className = 'hiddenRow';
            }
        }
    }
}


function showClassDetail(cid, count) {
    var id_list = Array(count);
    var toHide = 1;
    for (var i = 0; i < count; i++) {
        tid0 = 't' + cid.substr(1) + '.' + (i+1);
        tid = 'f' + tid0;
        tr = document.getElementById(tid);
        if (!tr) {
            tid = 'p' + tid0;
            tr = document.getElementById(tid);
        }
        id_list[i] = tid;
        if (tr.className) {
            toHide = 0;
        }
    }
    for (var i = 0; i < count; i++) {
        tid = id_list[i];
        if (toHide) {
            document.getElementById('div_'+tid).style.display = 'none'
            document.getElementById(tid).className = 'hiddenRow';
        }
        else {
            document.getElementById(tid).className = '';
        }
    }
}


function showTestDetail(div_id){
    var details_div = document.getElementById(div_id)
    var displayState = details_div.style.display
    // alert(displayState)
    if (displayState != 'block' ) {
        displayState = 'block'
        details_div.style.display = 'block'
    }
    else {
        details_div.style.display = 'none'
    }
}


function html_escape(s) {
    s = s.replace(/&/g,'&amp;');
    s = s.replace(/</g,'&lt;');
    s = s.replace(/>/g,'&gt;');
    return s;
}

/* obsoleted by detail in <div>
function showOutput(id, name) {
    var w = window.open("", //url
                    name,
                    "resizable,scrollbars,status,width=800,height=450");
    d = w.document;
    d.write("<pre>");
    d.write(html_escape(output_list[id]));
    d.write("\n");
    d.write("<a href='javascript:window.close()'>close</a>\n");
    d.write("</pre>\n");
    d.close();
}
*/
--></script>

<div class='heading'>
<h1>TPSHOP商城自动化测试报告</h1>
<p class='attribute'><strong>Start Time:</strong> 2021-05-11 06:47:40</p>
<p class='attribute'><strong>Duration:</strong> 0:01:40.383952</p>
<p class='attribute'><strong>Status:</strong> Pass 5 Error 4</p>

<p class='description'>操作系统：win10 X64 author:LeiWei 2020-4-27</p>
</div>



<p id='show_detail_line'>Show
<a href='javascript:showCase(0)'>Summary</a>
<a href='javascript:showCase(1)'>Failed</a>
<a href='javascript:showCase(2)'>All</a>
</p>
<table id='result_table'>
<colgroup>
<col align='left' />
<col align='right' />
<col align='right' />
<col align='right' />
<col align='right' />
<col align='right' />
</colgroup>
<tr id='header_row'>
    <td>Test Group/Test case</td>
    <td>Count</td>
    <td>Pass</td>
    <td>Fail</td>
    <td>Error</td>
    <td>View</td>
</tr>

<tr class='errorClass'>
    <td>test01_login.TestLogin</td>
    <td>6</td>
    <td>5</td>
    <td>0</td>
    <td>1</td>
    <td><a href="javascript:showClassDetail('c1',6)">Detail</a></td>
</tr>

<tr id='pt1.1' class='hiddenRow'>
    <td class='none'><div class='testcase'>test_login_0</div></td>
    <td colspan='5' align='center'>

    <!--css div popup start-->
    <a class="popup_link" onfocus='this.blur();' href="javascript:showTestDetail('div_pt1.1')" >
        pass</a>

    <div id='div_pt1.1' class="popup_window">
        <div style='text-align: right; color:red;cursor:pointer'>
        <a onfocus='this.blur();' onclick="document.getElementById('div_pt1.1').style.display = 'none' " >
           [x]</a>
        </div>
        <pre>
        
pt1.1: 

        </pre>
    </div>
    <!--css div popup end-->

    </td>
</tr>

<tr id='pt1.2' class='hiddenRow'>
    <td class='none'><div class='testcase'>test_login_1</div></td>
    <td colspan='5' align='center'>

    <!--css div popup start-->
    <a class="popup_link" onfocus='this.blur();' href="javascript:showTestDetail('div_pt1.2')" >
        pass</a>

    <div id='div_pt1.2' class="popup_window">
        <div style='text-align: right; color:red;cursor:pointer'>
        <a onfocus='this.blur();' onclick="document.getElementById('div_pt1.2').style.display = 'none' " >
           [x]</a>
        </div>
        <pre>
        
pt1.2: 

        </pre>
    </div>
    <!--css div popup end-->

    </td>
</tr>

<tr id='pt1.3' class='hiddenRow'>
    <td class='none'><div class='testcase'>test_login_2</div></td>
    <td colspan='5' align='center'>

    <!--css div popup start-->
    <a class="popup_link" onfocus='this.blur();' href="javascript:showTestDetail('div_pt1.3')" >
        pass</a>

    <div id='div_pt1.3' class="popup_window">
        <div style='text-align: right; color:red;cursor:pointer'>
        <a onfocus='this.blur();' onclick="document.getElementById('div_pt1.3').style.display = 'none' " >
           [x]</a>
        </div>
        <pre>
        
pt1.3: 

        </pre>
    </div>
    <!--css div popup end-->

    </td>
</tr>

<tr id='pt1.4' class='hiddenRow'>
    <td class='none'><div class='testcase'>test_login_3</div></td>
    <td colspan='5' align='center'>

    <!--css div popup start-->
    <a class="popup_link" onfocus='this.blur();' href="javascript:showTestDetail('div_pt1.4')" >
        pass</a>

    <div id='div_pt1.4' class="popup_window">
        <div style='text-align: right; color:red;cursor:pointer'>
        <a onfocus='this.blur();' onclick="document.getElementById('div_pt1.4').style.display = 'none' " >
           [x]</a>
        </div>
        <pre>
        
pt1.4: 

        </pre>
    </div>
    <!--css div popup end-->

    </td>
</tr>

<tr id='pt1.5' class='hiddenRow'>
    <td class='none'><div class='testcase'>test_login_4</div></td>
    <td colspan='5' align='center'>

    <!--css div popup start-->
    <a class="popup_link" onfocus='this.blur();' href="javascript:showTestDetail('div_pt1.5')" >
        pass</a>

    <div id='div_pt1.5' class="popup_window">
        <div style='text-align: right; color:red;cursor:pointer'>
        <a onfocus='this.blur();' onclick="document.getElementById('div_pt1.5').style.display = 'none' " >
           [x]</a>
        </div>
        <pre>
        
pt1.5: 

        </pre>
    </div>
    <!--css div popup end-->

    </td>
</tr>

<tr id='ft1.6' class='none'>
    <td class='errorCase'><div class='testcase'>test_login_5</div></td>
    <td colspan='5' align='center'>

    <!--css div popup start-->
    <a class="popup_link" onfocus='this.blur();' href="javascript:showTestDetail('div_ft1.6')" >
        error</a>

    <div id='div_ft1.6' class="popup_window">
        <div style='text-align: right; color:red;cursor:pointer'>
        <a onfocus='this.blur();' onclick="document.getElementById('div_ft1.6').style.display = 'none' " >
           [x]</a>
        </div>
        <pre>
        
ft1.6: Traceback (most recent call last):
  File "C:\Python3.9\lib\site-packages\parameterized\parameterized.py", line 533, in standalone_func
    return func(*(a + p.args), **p.kwargs)
  File "D:\SeleniumProject_TPSHOP\scripts\test01_login.py", line 68, in test_login
    msg = self.login.page_get_error_info()
  File "D:\SeleniumProject_TPSHOP\page\page_login.py", line 41, in page_get_error_info
    return self.base_get_text(page.login_err_info)  # 需要再次return出去！！！
  File "D:\SeleniumProject_TPSHOP\base\base.py", line 42, in base_get_text
    return self.base_find(loc).text
  File "D:\SeleniumProject_TPSHOP\base\base.py", line 21, in base_find
    return WebDriverWait(self.driver, timeout, poll).until(lambda x: x.find_element(*loc))  # 使用*表示参数解耦  driver.find_element(*loc) &lt;==&gt;driver.find_element（By.xxx,value)
  File "C:\Python3.9\lib\site-packages\selenium\webdriver\support\wait.py", line 71, in until
    value = method(self._driver)
  File "D:\SeleniumProject_TPSHOP\base\base.py", line 21, in &lt;lambda&gt;
    return WebDriverWait(self.driver, timeout, poll).until(lambda x: x.find_element(*loc))  # 使用*表示参数解耦  driver.find_element(*loc) &lt;==&gt;driver.find_element（By.xxx,value)
  File "C:\Python3.9\lib\site-packages\selenium\webdriver\remote\webdriver.py", line 976, in find_element
    return self.execute(Command.FIND_ELEMENT, {
  File "C:\Python3.9\lib\site-packages\selenium\webdriver\remote\webdriver.py", line 321, in execute
    self.error_handler.check_response(response)
  File "C:\Python3.9\lib\site-packages\selenium\webdriver\remote\errorhandler.py", line 242, in check_response
    raise exception_class(message, screen, stacktrace)
selenium.common.exceptions.WebDriverException: Message: Failed to decode response from marionette

Traceback (most recent call last):
  File "C:\Python3.9\lib\site-packages\parameterized\parameterized.py", line 533, in standalone_func
    return func(*(a + p.args), **p.kwargs)
  File "D:\SeleniumProject_TPSHOP\scripts\test01_login.py", line 68, in test_login
    msg = self.login.page_get_error_info()
  File "D:\SeleniumProject_TPSHOP\page\page_login.py", line 41, in page_get_error_info
    return self.base_get_text(page.login_err_info)  # 需要再次return出去！！！
  File "D:\SeleniumProject_TPSHOP\base\base.py", line 42, in base_get_text
    return self.base_find(loc).text
  File "D:\SeleniumProject_TPSHOP\base\base.py", line 21, in base_find
    return WebDriverWait(self.driver, timeout, poll).until(lambda x: x.find_element(*loc))  # 使用*表示参数解耦  driver.find_element(*loc) &lt;==&gt;driver.find_element（By.xxx,value)
  File "C:\Python3.9\lib\site-packages\selenium\webdriver\support\wait.py", line 71, in until
    value = method(self._driver)
  File "D:\SeleniumProject_TPSHOP\base\base.py", line 21, in &lt;lambda&gt;
    return WebDriverWait(self.driver, timeout, poll).until(lambda x: x.find_element(*loc))  # 使用*表示参数解耦  driver.find_element(*loc) &lt;==&gt;driver.find_element（By.xxx,value)
  File "C:\Python3.9\lib\site-packages\selenium\webdriver\remote\webdriver.py", line 976, in find_element
    return self.execute(Command.FIND_ELEMENT, {
  File "C:\Python3.9\lib\site-packages\selenium\webdriver\remote\webdriver.py", line 321, in execute
    self.error_handler.check_response(response)
  File "C:\Python3.9\lib\site-packages\selenium\webdriver\remote\errorhandler.py", line 242, in check_response
    raise exception_class(message, screen, stacktrace)
selenium.common.exceptions.WebDriverException: Message: Failed to decode response from marionette



        </pre>
    </div>
    <!--css div popup end-->

    </td>
</tr>

<tr class='errorClass'>
    <td>test02_cart.TestCart</td>
    <td>1</td>
    <td>0</td>
    <td>0</td>
    <td>1</td>
    <td><a href="javascript:showClassDetail('c2',1)">Detail</a></td>
</tr>

<tr id='ft2.1' class='none'>
    <td class='errorCase'><div class='testcase'>test_add_cart</div></td>
    <td colspan='5' align='center'>

    <!--css div popup start-->
    <a class="popup_link" onfocus='this.blur();' href="javascript:showTestDetail('div_ft2.1')" >
        error</a>

    <div id='div_ft2.1' class="popup_window">
        <div style='text-align: right; color:red;cursor:pointer'>
        <a onfocus='this.blur();' onclick="document.getElementById('div_ft2.1').style.display = 'none' " >
           [x]</a>
        </div>
        <pre>
        
ft2.1: Traceback (most recent call last):
  File "D:\SeleniumProject_TPSHOP\scripts\test02_cart.py", line 33, in test_add_cart
    self.cart.page_add_cart()
  File "D:\SeleniumProject_TPSHOP\page\page_cart.py", line 62, in page_add_cart
    self.page_click_add_cart()
  File "D:\SeleniumProject_TPSHOP\page\page_cart.py", line 32, in page_click_add_cart
    self.base_click(page.cart_add)
  File "D:\SeleniumProject_TPSHOP\base\base.py", line 26, in base_click
    self.base_find(loc).click()
  File "D:\SeleniumProject_TPSHOP\base\base.py", line 21, in base_find
    return WebDriverWait(self.driver, timeout, poll).until(lambda x: x.find_element(*loc))  # 使用*表示参数解耦  driver.find_element(*loc) &lt;==&gt;driver.find_element（By.xxx,value)
  File "C:\Python3.9\lib\site-packages\selenium\webdriver\support\wait.py", line 71, in until
    value = method(self._driver)
  File "D:\SeleniumProject_TPSHOP\base\base.py", line 21, in &lt;lambda&gt;
    return WebDriverWait(self.driver, timeout, poll).until(lambda x: x.find_element(*loc))  # 使用*表示参数解耦  driver.find_element(*loc) &lt;==&gt;driver.find_element（By.xxx,value)
  File "C:\Python3.9\lib\site-packages\selenium\webdriver\remote\webdriver.py", line 976, in find_element
    return self.execute(Command.FIND_ELEMENT, {
  File "C:\Python3.9\lib\site-packages\selenium\webdriver\remote\webdriver.py", line 321, in execute
    self.error_handler.check_response(response)
  File "C:\Python3.9\lib\site-packages\selenium\webdriver\remote\errorhandler.py", line 242, in check_response
    raise exception_class(message, screen, stacktrace)
selenium.common.exceptions.WebDriverException: Message: Failed to decode response from marionette

Traceback (most recent call last):
  File "D:\SeleniumProject_TPSHOP\scripts\test02_cart.py", line 33, in test_add_cart
    self.cart.page_add_cart()
  File "D:\SeleniumProject_TPSHOP\page\page_cart.py", line 62, in page_add_cart
    self.page_click_add_cart()
  File "D:\SeleniumProject_TPSHOP\page\page_cart.py", line 32, in page_click_add_cart
    self.base_click(page.cart_add)
  File "D:\SeleniumProject_TPSHOP\base\base.py", line 26, in base_click
    self.base_find(loc).click()
  File "D:\SeleniumProject_TPSHOP\base\base.py", line 21, in base_find
    return WebDriverWait(self.driver, timeout, poll).until(lambda x: x.find_element(*loc))  # 使用*表示参数解耦  driver.find_element(*loc) &lt;==&gt;driver.find_element（By.xxx,value)
  File "C:\Python3.9\lib\site-packages\selenium\webdriver\support\wait.py", line 71, in until
    value = method(self._driver)
  File "D:\SeleniumProject_TPSHOP\base\base.py", line 21, in &lt;lambda&gt;
    return WebDriverWait(self.driver, timeout, poll).until(lambda x: x.find_element(*loc))  # 使用*表示参数解耦  driver.find_element(*loc) &lt;==&gt;driver.find_element（By.xxx,value)
  File "C:\Python3.9\lib\site-packages\selenium\webdriver\remote\webdriver.py", line 976, in find_element
    return self.execute(Command.FIND_ELEMENT, {
  File "C:\Python3.9\lib\site-packages\selenium\webdriver\remote\webdriver.py", line 321, in execute
    self.error_handler.check_response(response)
  File "C:\Python3.9\lib\site-packages\selenium\webdriver\remote\errorhandler.py", line 242, in check_response
    raise exception_class(message, screen, stacktrace)
selenium.common.exceptions.WebDriverException: Message: Failed to decode response from marionette



        </pre>
    </div>
    <!--css div popup end-->

    </td>
</tr>

<tr class='errorClass'>
    <td>test03_order.TestOrder</td>
    <td>1</td>
    <td>0</td>
    <td>0</td>
    <td>1</td>
    <td><a href="javascript:showClassDetail('c3',1)">Detail</a></td>
</tr>

<tr id='ft3.1' class='none'>
    <td class='errorCase'><div class='testcase'>test_order</div></td>
    <td colspan='5' align='center'>

    <!--css div popup start-->
    <a class="popup_link" onfocus='this.blur();' href="javascript:showTestDetail('div_ft3.1')" >
        error</a>

    <div id='div_ft3.1' class="popup_window">
        <div style='text-align: right; color:red;cursor:pointer'>
        <a onfocus='this.blur();' onclick="document.getElementById('div_ft3.1').style.display = 'none' " >
           [x]</a>
        </div>
        <pre>
        
ft3.1: Traceback (most recent call last):
  File "D:\SeleniumProject_TPSHOP\scripts\test03_order.py", line 21, in setUp
    PageLogin(self.driver).page_login_success()
  File "D:\SeleniumProject_TPSHOP\page\page_login.py", line 78, in page_login_success
    self.page_click_login_link()
  File "D:\SeleniumProject_TPSHOP\page\page_login.py", line 17, in page_click_login_link
    self.base_click(page.login_link)
  File "D:\SeleniumProject_TPSHOP\base\base.py", line 26, in base_click
    self.base_find(loc).click()
  File "D:\SeleniumProject_TPSHOP\base\base.py", line 21, in base_find
    return WebDriverWait(self.driver, timeout, poll).until(lambda x: x.find_element(*loc))  # 使用*表示参数解耦  driver.find_element(*loc) &lt;==&gt;driver.find_element（By.xxx,value)
  File "C:\Python3.9\lib\site-packages\selenium\webdriver\support\wait.py", line 71, in until
    value = method(self._driver)
  File "D:\SeleniumProject_TPSHOP\base\base.py", line 21, in &lt;lambda&gt;
    return WebDriverWait(self.driver, timeout, poll).until(lambda x: x.find_element(*loc))  # 使用*表示参数解耦  driver.find_element(*loc) &lt;==&gt;driver.find_element（By.xxx,value)
  File "C:\Python3.9\lib\site-packages\selenium\webdriver\remote\webdriver.py", line 976, in find_element
    return self.execute(Command.FIND_ELEMENT, {
  File "C:\Python3.9\lib\site-packages\selenium\webdriver\remote\webdriver.py", line 321, in execute
    self.error_handler.check_response(response)
  File "C:\Python3.9\lib\site-packages\selenium\webdriver\remote\errorhandler.py", line 242, in check_response
    raise exception_class(message, screen, stacktrace)
selenium.common.exceptions.InvalidSessionIdException: Message: Tried to run command without establishing a connection

Traceback (most recent call last):
  File "D:\SeleniumProject_TPSHOP\scripts\test03_order.py", line 21, in setUp
    PageLogin(self.driver).page_login_success()
  File "D:\SeleniumProject_TPSHOP\page\page_login.py", line 78, in page_login_success
    self.page_click_login_link()
  File "D:\SeleniumProject_TPSHOP\page\page_login.py", line 17, in page_click_login_link
    self.base_click(page.login_link)
  File "D:\SeleniumProject_TPSHOP\base\base.py", line 26, in base_click
    self.base_find(loc).click()
  File "D:\SeleniumProject_TPSHOP\base\base.py", line 21, in base_find
    return WebDriverWait(self.driver, timeout, poll).until(lambda x: x.find_element(*loc))  # 使用*表示参数解耦  driver.find_element(*loc) &lt;==&gt;driver.find_element（By.xxx,value)
  File "C:\Python3.9\lib\site-packages\selenium\webdriver\support\wait.py", line 71, in until
    value = method(self._driver)
  File "D:\SeleniumProject_TPSHOP\base\base.py", line 21, in &lt;lambda&gt;
    return WebDriverWait(self.driver, timeout, poll).until(lambda x: x.find_element(*loc))  # 使用*表示参数解耦  driver.find_element(*loc) &lt;==&gt;driver.find_element（By.xxx,value)
  File "C:\Python3.9\lib\site-packages\selenium\webdriver\remote\webdriver.py", line 976, in find_element
    return self.execute(Command.FIND_ELEMENT, {
  File "C:\Python3.9\lib\site-packages\selenium\webdriver\remote\webdriver.py", line 321, in execute
    self.error_handler.check_response(response)
  File "C:\Python3.9\lib\site-packages\selenium\webdriver\remote\errorhandler.py", line 242, in check_response
    raise exception_class(message, screen, stacktrace)
selenium.common.exceptions.InvalidSessionIdException: Message: Tried to run command without establishing a connection



        </pre>
    </div>
    <!--css div popup end-->

    </td>
</tr>

<tr class='errorClass'>
    <td>test04_pay.TestPay</td>
    <td>1</td>
    <td>0</td>
    <td>0</td>
    <td>1</td>
    <td><a href="javascript:showClassDetail('c4',1)">Detail</a></td>
</tr>

<tr id='ft4.1' class='none'>
    <td class='errorCase'><div class='testcase'>test_pay</div></td>
    <td colspan='5' align='center'>

    <!--css div popup start-->
    <a class="popup_link" onfocus='this.blur();' href="javascript:showTestDetail('div_ft4.1')" >
        error</a>

    <div id='div_ft4.1' class="popup_window">
        <div style='text-align: right; color:red;cursor:pointer'>
        <a onfocus='this.blur();' onclick="document.getElementById('div_ft4.1').style.display = 'none' " >
           [x]</a>
        </div>
        <pre>
        
ft4.1: Traceback (most recent call last):
  File "D:\SeleniumProject_TPSHOP\scripts\test04_pay.py", line 15, in setUp
    PageLogin(self.driver).page_login_success()
  File "D:\SeleniumProject_TPSHOP\page\page_login.py", line 78, in page_login_success
    self.page_click_login_link()
  File "D:\SeleniumProject_TPSHOP\page\page_login.py", line 17, in page_click_login_link
    self.base_click(page.login_link)
  File "D:\SeleniumProject_TPSHOP\base\base.py", line 26, in base_click
    self.base_find(loc).click()
  File "D:\SeleniumProject_TPSHOP\base\base.py", line 21, in base_find
    return WebDriverWait(self.driver, timeout, poll).until(lambda x: x.find_element(*loc))  # 使用*表示参数解耦  driver.find_element(*loc) &lt;==&gt;driver.find_element（By.xxx,value)
  File "C:\Python3.9\lib\site-packages\selenium\webdriver\support\wait.py", line 71, in until
    value = method(self._driver)
  File "D:\SeleniumProject_TPSHOP\base\base.py", line 21, in &lt;lambda&gt;
    return WebDriverWait(self.driver, timeout, poll).until(lambda x: x.find_element(*loc))  # 使用*表示参数解耦  driver.find_element(*loc) &lt;==&gt;driver.find_element（By.xxx,value)
  File "C:\Python3.9\lib\site-packages\selenium\webdriver\remote\webdriver.py", line 976, in find_element
    return self.execute(Command.FIND_ELEMENT, {
  File "C:\Python3.9\lib\site-packages\selenium\webdriver\remote\webdriver.py", line 321, in execute
    self.error_handler.check_response(response)
  File "C:\Python3.9\lib\site-packages\selenium\webdriver\remote\errorhandler.py", line 242, in check_response
    raise exception_class(message, screen, stacktrace)
selenium.common.exceptions.InvalidSessionIdException: Message: Tried to run command without establishing a connection

Traceback (most recent call last):
  File "D:\SeleniumProject_TPSHOP\scripts\test04_pay.py", line 15, in setUp
    PageLogin(self.driver).page_login_success()
  File "D:\SeleniumProject_TPSHOP\page\page_login.py", line 78, in page_login_success
    self.page_click_login_link()
  File "D:\SeleniumProject_TPSHOP\page\page_login.py", line 17, in page_click_login_link
    self.base_click(page.login_link)
  File "D:\SeleniumProject_TPSHOP\base\base.py", line 26, in base_click
    self.base_find(loc).click()
  File "D:\SeleniumProject_TPSHOP\base\base.py", line 21, in base_find
    return WebDriverWait(self.driver, timeout, poll).until(lambda x: x.find_element(*loc))  # 使用*表示参数解耦  driver.find_element(*loc) &lt;==&gt;driver.find_element（By.xxx,value)
  File "C:\Python3.9\lib\site-packages\selenium\webdriver\support\wait.py", line 71, in until
    value = method(self._driver)
  File "D:\SeleniumProject_TPSHOP\base\base.py", line 21, in &lt;lambda&gt;
    return WebDriverWait(self.driver, timeout, poll).until(lambda x: x.find_element(*loc))  # 使用*表示参数解耦  driver.find_element(*loc) &lt;==&gt;driver.find_element（By.xxx,value)
  File "C:\Python3.9\lib\site-packages\selenium\webdriver\remote\webdriver.py", line 976, in find_element
    return self.execute(Command.FIND_ELEMENT, {
  File "C:\Python3.9\lib\site-packages\selenium\webdriver\remote\webdriver.py", line 321, in execute
    self.error_handler.check_response(response)
  File "C:\Python3.9\lib\site-packages\selenium\webdriver\remote\errorhandler.py", line 242, in check_response
    raise exception_class(message, screen, stacktrace)
selenium.common.exceptions.InvalidSessionIdException: Message: Tried to run command without establishing a connection



        </pre>
    </div>
    <!--css div popup end-->

    </td>
</tr>

<tr id='total_row'>
    <td>Total</td>
    <td>9</td>
    <td>5</td>
    <td>0</td>
    <td>4</td>
    <td>&nbsp;</td>
</tr>
</table>

<div id='ending'>&nbsp;</div>

</body>
</html>
